2016-10-11 16:21:25 DEBUG SpringJUnit4ClassRunner:105 - SpringJUnit4ClassRunner constructor called with [class com.parthi.spring.ws.soap.service.client.AccountServiceTest].
2016-10-11 16:21:25 TRACE ContextLoaderUtils:224 - Retrieved @ContextConfiguration attributes [{name=, value=[], classes=[], loader=interface org.springframework.test.context.ContextLoader, locations=[classpath:soapClient.xml], inheritInitializers=true, inheritLocations=true, initializers=[]}] for declaring class [com.parthi.spring.ws.soap.service.client.AccountServiceTest].
2016-10-11 16:21:25 TRACE ContextLoaderUtils:230 - Resolved context configuration attributes: [ContextConfigurationAttributes@17550481 declaringClass = 'com.parthi.spring.ws.soap.service.client.AccountServiceTest', classes = '{}', locations = '{classpath:soapClient.xml}', inheritLocations = true, initializers = '{}', inheritInitializers = true, name = [null], contextLoaderClass = 'org.springframework.test.context.ContextLoader']
2016-10-11 16:21:25 TRACE ContextLoaderUtils:165 - Processing ContextLoader for context configuration attributes [ContextConfigurationAttributes@17550481 declaringClass = 'com.parthi.spring.ws.soap.service.client.AccountServiceTest', classes = '{}', locations = '{classpath:soapClient.xml}', inheritLocations = true, initializers = '{}', inheritInitializers = true, name = [null], contextLoaderClass = 'org.springframework.test.context.ContextLoader']
2016-10-11 16:21:25 TRACE ContextLoaderUtils:182 - Using default ContextLoader class [org.springframework.test.context.support.DelegatingSmartContextLoader] for test class [com.parthi.spring.ws.soap.service.client.AccountServiceTest]
2016-10-11 16:21:25 TRACE ContextLoaderUtils:697 - Processing locations and classes for context configuration attributes [ContextConfigurationAttributes@17550481 declaringClass = 'com.parthi.spring.ws.soap.service.client.AccountServiceTest', classes = '{}', locations = '{classpath:soapClient.xml}', inheritLocations = true, initializers = '{}', inheritInitializers = true, name = [null], contextLoaderClass = 'org.springframework.test.context.ContextLoader']
2016-10-11 16:21:25 DEBUG AbstractDelegatingSmartContextLoader:90 - Delegating to GenericXmlContextLoader to process context configuration [ContextConfigurationAttributes@17550481 declaringClass = 'com.parthi.spring.ws.soap.service.client.AccountServiceTest', classes = '{}', locations = '{classpath:soapClient.xml}', inheritLocations = true, initializers = '{}', inheritInitializers = true, name = [null], contextLoaderClass = 'org.springframework.test.context.ContextLoader'].
2016-10-11 16:21:25 TRACE ContextLoaderUtils:465 - Processing context initializers for context configuration attributes [ContextConfigurationAttributes@17550481 declaringClass = 'com.parthi.spring.ws.soap.service.client.AccountServiceTest', classes = '{}', locations = '{classpath:soapClient.xml}', inheritLocations = true, initializers = '{}', inheritInitializers = true, name = [null], contextLoaderClass = 'org.springframework.test.context.ContextLoader']
2016-10-11 16:21:25 DEBUG ContextLoaderUtils:502 - Could not find an 'annotation declaring class' for annotation type [org.springframework.test.context.ActiveProfiles] and class [com.parthi.spring.ws.soap.service.client.AccountServiceTest]
2016-10-11 16:21:25 DEBUG TestContextManager:190 - @TestExecutionListeners is not present for class [com.parthi.spring.ws.soap.service.client.AccountServiceTest]: using defaults.
2016-10-11 16:21:25 INFO  TestContextManager:242 - Could not instantiate TestExecutionListener [org.springframework.test.context.web.ServletTestExecutionListener]. Specify custom listener classes or make the default listener classes (and their required dependencies) available. Offending class: [javax/servlet/ServletContext]
2016-10-11 16:21:25 INFO  TestContextManager:242 - Could not instantiate TestExecutionListener [org.springframework.test.context.transaction.TransactionalTestExecutionListener]. Specify custom listener classes or make the default listener classes (and their required dependencies) available. Offending class: [org/springframework/transaction/interceptor/TransactionAttributeSource]
2016-10-11 16:21:25 TRACE TestContextManager:141 - Registering TestExecutionListener: org.springframework.test.context.support.DependencyInjectionTestExecutionListener@5419f379
2016-10-11 16:21:25 TRACE TestContextManager:141 - Registering TestExecutionListener: org.springframework.test.context.support.DirtiesContextTestExecutionListener@7dc7cbad
2016-10-11 16:21:25 DEBUG ProfileValueUtils:70 - Retrieved @ProfileValueSourceConfiguration [null] for test class [com.parthi.spring.ws.soap.service.client.AccountServiceTest]
2016-10-11 16:21:25 DEBUG ProfileValueUtils:82 - Retrieved ProfileValueSource type [class org.springframework.test.annotation.SystemProfileValueSource] for class [com.parthi.spring.ws.soap.service.client.AccountServiceTest]
2016-10-11 16:21:25 DEBUG ProfileValueUtils:70 - Retrieved @ProfileValueSourceConfiguration [null] for test class [com.parthi.spring.ws.soap.service.client.AccountServiceTest]
2016-10-11 16:21:25 DEBUG ProfileValueUtils:82 - Retrieved ProfileValueSource type [class org.springframework.test.annotation.SystemProfileValueSource] for class [com.parthi.spring.ws.soap.service.client.AccountServiceTest]
2016-10-11 16:21:25 TRACE TestContextManager:292 - beforeTestClass(): class [com.parthi.spring.ws.soap.service.client.AccountServiceTest]
2016-10-11 16:21:25 DEBUG ProfileValueUtils:70 - Retrieved @ProfileValueSourceConfiguration [null] for test class [com.parthi.spring.ws.soap.service.client.AccountServiceTest]
2016-10-11 16:21:25 DEBUG ProfileValueUtils:82 - Retrieved ProfileValueSource type [class org.springframework.test.annotation.SystemProfileValueSource] for class [com.parthi.spring.ws.soap.service.client.AccountServiceTest]
2016-10-11 16:21:25 TRACE TestContextManager:325 - prepareTestInstance(): instance [com.parthi.spring.ws.soap.service.client.AccountServiceTest@46d56d67]
2016-10-11 16:21:25 DEBUG DependencyInjectionTestExecutionListener:73 - Performing dependency injection for test context [[DefaultTestContext@d8355a8 testClass = AccountServiceTest, testInstance = com.parthi.spring.ws.soap.service.client.AccountServiceTest@46d56d67, testMethod = [null], testException = [null], mergedContextConfiguration = [MergedContextConfiguration@59fa1d9b testClass = AccountServiceTest, locations = '{classpath:soapClient.xml}', classes = '{}', contextInitializerClasses = '[]', activeProfiles = '{}', contextLoader = 'org.springframework.test.context.support.DelegatingSmartContextLoader', parent = [null]]]].
2016-10-11 16:21:25 DEBUG AbstractDelegatingSmartContextLoader:100 - Delegating to GenericXmlContextLoader to load context from [MergedContextConfiguration@59fa1d9b testClass = AccountServiceTest, locations = '{classpath:soapClient.xml}', classes = '{}', contextInitializerClasses = '[]', activeProfiles = '{}', contextLoader = 'org.springframework.test.context.support.DelegatingSmartContextLoader', parent = [null]].
2016-10-11 16:21:25 DEBUG AbstractGenericContextLoader:107 - Loading ApplicationContext for merged context configuration [[MergedContextConfiguration@59fa1d9b testClass = AccountServiceTest, locations = '{classpath:soapClient.xml}', classes = '{}', contextInitializerClasses = '[]', activeProfiles = '{}', contextLoader = 'org.springframework.test.context.support.DelegatingSmartContextLoader', parent = [null]]].
2016-10-11 16:21:26 DEBUG StandardEnvironment:109 - Adding [systemProperties] PropertySource with lowest search precedence
2016-10-11 16:21:26 DEBUG StandardEnvironment:109 - Adding [systemEnvironment] PropertySource with lowest search precedence
2016-10-11 16:21:26 DEBUG StandardEnvironment:126 - Initialized StandardEnvironment with PropertySources [systemProperties,systemEnvironment]
2016-10-11 16:21:26 INFO  XmlBeanDefinitionReader:317 - Loading XML bean definitions from class path resource [soapClient.xml]
2016-10-11 16:21:26 DEBUG DefaultDocumentLoader:73 - Using JAXP provider [com.sun.org.apache.xerces.internal.jaxp.DocumentBuilderFactoryImpl]
2016-10-11 16:21:26 TRACE PluggableSchemaResolver:106 - Trying to resolve XML entity with public id [null] and system id [http://www.springframework.org/schema/beans/spring-beans.xsd]
2016-10-11 16:21:26 DEBUG PluggableSchemaResolver:141 - Loading schema mappings from [META-INF/spring.schemas]
2016-10-11 16:21:26 DEBUG PluggableSchemaResolver:147 - Loaded schema mappings: {http://www.springframework.org/schema/oxm/spring-oxm-3.0.xsd=org/springframework/oxm/config/spring-oxm-3.0.xsd, http://www.springframework.org/schema/oxm/spring-oxm-4.0.xsd=org/springframework/oxm/config/spring-oxm-4.0.xsd, http://www.springframework.org/schema/jee/spring-jee-3.2.xsd=org/springframework/ejb/config/spring-jee-3.2.xsd, http://www.springframework.org/schema/util/spring-util.xsd=org/springframework/beans/factory/xml/spring-util-4.0.xsd, http://www.springframework.org/schema/mvc/spring-mvc-3.1.xsd=org/springframework/web/servlet/config/spring-mvc-3.1.xsd, http://www.springframework.org/schema/task/spring-task.xsd=org/springframework/scheduling/config/spring-task-4.0.xsd, http://www.springframework.org/schema/beans/spring-beans-3.1.xsd=org/springframework/beans/factory/xml/spring-beans-3.1.xsd, http://www.springframework.org/schema/cache/spring-cache.xsd=org/springframework/cache/config/spring-cache-4.0.xsd, http://www.springframework.org/schema/aop/spring-aop-3.0.xsd=org/springframework/aop/config/spring-aop-3.0.xsd, http://www.springframework.org/schema/task/spring-task-3.1.xsd=org/springframework/scheduling/config/spring-task-3.1.xsd, http://www.springframework.org/schema/aop/spring-aop-2.0.xsd=org/springframework/aop/config/spring-aop-2.0.xsd, http://www.springframework.org/schema/aop/spring-aop-4.0.xsd=org/springframework/aop/config/spring-aop-4.0.xsd, http://www.springframework.org/schema/oxm/spring-oxm.xsd=org/springframework/oxm/config/spring-oxm-4.0.xsd, http://www.springframework.org/schema/tool/spring-tool-2.5.xsd=org/springframework/beans/factory/xml/spring-tool-2.5.xsd, http://www.springframework.org/schema/beans/spring-beans.xsd=org/springframework/beans/factory/xml/spring-beans-4.0.xsd, http://www.springframework.org/schema/jee/spring-jee-2.5.xsd=org/springframework/ejb/config/spring-jee-2.5.xsd, http://www.springframework.org/schema/tool/spring-tool-3.1.xsd=org/springframework/beans/factory/xml/spring-tool-3.1.xsd, http://www.springframework.org/schema/web-services/web-services-1.5.xsd=/org/springframework/ws/config/web-services-1.5.xsd, http://www.springframework.org/schema/jee/spring-jee-3.1.xsd=org/springframework/ejb/config/spring-jee-3.1.xsd, http://www.springframework.org/schema/aop/spring-aop.xsd=org/springframework/aop/config/spring-aop-4.0.xsd, http://www.springframework.org/schema/context/spring-context-3.2.xsd=org/springframework/context/config/spring-context-3.2.xsd, http://www.springframework.org/schema/beans/spring-beans-2.0.xsd=org/springframework/beans/factory/xml/spring-beans-2.0.xsd, http://www.springframework.org/schema/util/spring-util-3.2.xsd=org/springframework/beans/factory/xml/spring-util-3.2.xsd, http://www.springframework.org/schema/lang/spring-lang-3.2.xsd=org/springframework/scripting/config/spring-lang-3.2.xsd, http://www.springframework.org/schema/beans/spring-beans-4.0.xsd=org/springframework/beans/factory/xml/spring-beans-4.0.xsd, http://www.springframework.org/schema/mvc/spring-mvc-3.0.xsd=org/springframework/web/servlet/config/spring-mvc-3.0.xsd, http://www.springframework.org/schema/beans/spring-beans-3.0.xsd=org/springframework/beans/factory/xml/spring-beans-3.0.xsd, http://www.springframework.org/schema/cache/spring-cache-3.2.xsd=org/springframework/cache/config/spring-cache-3.2.xsd, http://www.springframework.org/schema/mvc/spring-mvc-4.0.xsd=org/springframework/web/servlet/config/spring-mvc-4.0.xsd, http://www.springframework.org/schema/task/spring-task-3.0.xsd=org/springframework/scheduling/config/spring-task-3.0.xsd, http://www.springframework.org/schema/task/spring-task-4.0.xsd=org/springframework/scheduling/config/spring-task-4.0.xsd, http://www.springframework.org/schema/oxm/spring-oxm-3.2.xsd=org/springframework/oxm/config/spring-oxm-3.2.xsd, http://www.springframework.org/schema/context/spring-context-2.5.xsd=org/springframework/context/config/spring-context-2.5.xsd, http://www.springframework.org/schema/tool/spring-tool-3.0.xsd=org/springframework/beans/factory/xml/spring-tool-3.0.xsd, http://www.springframework.org/schema/lang/spring-lang.xsd=org/springframework/scripting/config/spring-lang-4.0.xsd, http://www.springframework.org/schema/tool/spring-tool-2.0.xsd=org/springframework/beans/factory/xml/spring-tool-2.0.xsd, http://www.springframework.org/schema/util/spring-util-2.5.xsd=org/springframework/beans/factory/xml/spring-util-2.5.xsd, http://www.springframework.org/schema/lang/spring-lang-2.5.xsd=org/springframework/scripting/config/spring-lang-2.5.xsd, http://www.springframework.org/schema/tool/spring-tool-4.0.xsd=org/springframework/beans/factory/xml/spring-tool-4.0.xsd, http://www.springframework.org/schema/aop/spring-aop-3.2.xsd=org/springframework/aop/config/spring-aop-3.2.xsd, http://www.springframework.org/schema/jee/spring-jee-3.0.xsd=org/springframework/ejb/config/spring-jee-3.0.xsd, http://www.springframework.org/schema/jee/spring-jee-2.0.xsd=org/springframework/ejb/config/spring-jee-2.0.xsd, http://www.springframework.org/schema/context/spring-context-3.1.xsd=org/springframework/context/config/spring-context-3.1.xsd, http://www.springframework.org/schema/jee/spring-jee-4.0.xsd=org/springframework/ejb/config/spring-jee-4.0.xsd, http://www.springframework.org/schema/util/spring-util-3.1.xsd=org/springframework/beans/factory/xml/spring-util-3.1.xsd, http://www.springframework.org/schema/web-services/web-services.xsd=/org/springframework/ws/config/web-services-2.0.xsd, http://www.springframework.org/schema/lang/spring-lang-3.1.xsd=org/springframework/scripting/config/spring-lang-3.1.xsd, http://www.springframework.org/schema/cache/spring-cache-3.1.xsd=org/springframework/cache/config/spring-cache-3.1.xsd, http://www.springframework.org/schema/context/spring-context.xsd=org/springframework/context/config/spring-context-4.0.xsd, http://www.springframework.org/schema/web-services/web-services-2.0.xsd=/org/springframework/ws/config/web-services-2.0.xsd, http://www.springframework.org/schema/jee/spring-jee.xsd=org/springframework/ejb/config/spring-jee-4.0.xsd, http://www.springframework.org/schema/oxm/spring-oxm-3.1.xsd=org/springframework/oxm/config/spring-oxm-3.1.xsd, http://www.springframework.org/schema/aop/spring-aop-2.5.xsd=org/springframework/aop/config/spring-aop-2.5.xsd, http://www.springframework.org/schema/mvc/spring-mvc.xsd=org/springframework/web/servlet/config/spring-mvc-4.0.xsd, http://www.springframework.org/schema/mvc/spring-mvc-3.2.xsd=org/springframework/web/servlet/config/spring-mvc-3.2.xsd, http://www.springframework.org/schema/beans/spring-beans-3.2.xsd=org/springframework/beans/factory/xml/spring-beans-3.2.xsd, http://www.springframework.org/schema/aop/spring-aop-3.1.xsd=org/springframework/aop/config/spring-aop-3.1.xsd, http://www.springframework.org/schema/task/spring-task-3.2.xsd=org/springframework/scheduling/config/spring-task-3.2.xsd, http://www.springframework.org/schema/context/spring-context-4.0.xsd=org/springframework/context/config/spring-context-4.0.xsd, http://www.springframework.org/schema/context/spring-context-3.0.xsd=org/springframework/context/config/spring-context-3.0.xsd, http://www.springframework.org/schema/tool/spring-tool.xsd=org/springframework/beans/factory/xml/spring-tool-4.0.xsd, http://www.springframework.org/schema/util/spring-util-3.0.xsd=org/springframework/beans/factory/xml/spring-util-3.0.xsd, http://www.springframework.org/schema/lang/spring-lang-3.0.xsd=org/springframework/scripting/config/spring-lang-3.0.xsd, http://www.springframework.org/schema/util/spring-util-2.0.xsd=org/springframework/beans/factory/xml/spring-util-2.0.xsd, http://www.springframework.org/schema/cache/spring-cache-4.0.xsd=org/springframework/cache/config/spring-cache-4.0.xsd, http://www.springframework.org/schema/lang/spring-lang-2.0.xsd=org/springframework/scripting/config/spring-lang-2.0.xsd, http://www.springframework.org/schema/util/spring-util-4.0.xsd=org/springframework/beans/factory/xml/spring-util-4.0.xsd, http://www.springframework.org/schema/lang/spring-lang-4.0.xsd=org/springframework/scripting/config/spring-lang-4.0.xsd, http://www.springframework.org/schema/tool/spring-tool-3.2.xsd=org/springframework/beans/factory/xml/spring-tool-3.2.xsd, http://www.springframework.org/schema/beans/spring-beans-2.5.xsd=org/springframework/beans/factory/xml/spring-beans-2.5.xsd}
2016-10-11 16:21:26 DEBUG PluggableSchemaResolver:119 - Found XML schema [http://www.springframework.org/schema/beans/spring-beans.xsd] in classpath: org/springframework/beans/factory/xml/spring-beans-4.0.xsd
2016-10-11 16:21:26 TRACE PluggableSchemaResolver:106 - Trying to resolve XML entity with public id [null] and system id [http://www.springframework.org/schema/context/spring-context.xsd]
2016-10-11 16:21:26 DEBUG PluggableSchemaResolver:119 - Found XML schema [http://www.springframework.org/schema/context/spring-context.xsd] in classpath: org/springframework/context/config/spring-context-4.0.xsd
2016-10-11 16:21:26 TRACE PluggableSchemaResolver:106 - Trying to resolve XML entity with public id [null] and system id [http://www.springframework.org/schema/tool/spring-tool-4.0.xsd]
2016-10-11 16:21:26 DEBUG PluggableSchemaResolver:119 - Found XML schema [http://www.springframework.org/schema/tool/spring-tool-4.0.xsd] in classpath: org/springframework/beans/factory/xml/spring-tool-4.0.xsd
2016-10-11 16:21:26 DEBUG DefaultBeanDefinitionDocumentReader:101 - Loading bean definitions
2016-10-11 16:21:26 DEBUG DefaultNamespaceHandlerResolver:157 - Loaded NamespaceHandler mappings: {http://www.springframework.org/schema/p=org.springframework.beans.factory.xml.SimplePropertyNamespaceHandler, http://www.springframework.org/schema/web-services=org.springframework.ws.config.WebServicesNamespaceHandler, http://www.springframework.org/schema/mvc=org.springframework.web.servlet.config.MvcNamespaceHandler, http://www.springframework.org/schema/util=org.springframework.beans.factory.xml.UtilNamespaceHandler, http://www.springframework.org/schema/jee=org.springframework.ejb.config.JeeNamespaceHandler, http://www.springframework.org/schema/aop=org.springframework.aop.config.AopNamespaceHandler, http://www.springframework.org/schema/oxm=org.springframework.oxm.config.OxmNamespaceHandler, http://www.springframework.org/schema/cache=org.springframework.cache.config.CacheNamespaceHandler, http://www.springframework.org/schema/c=org.springframework.beans.factory.xml.SimpleConstructorNamespaceHandler, http://www.springframework.org/schema/task=org.springframework.scheduling.config.TaskNamespaceHandler, http://www.springframework.org/schema/lang=org.springframework.scripting.config.LangNamespaceHandler, http://www.springframework.org/schema/context=org.springframework.context.config.ContextNamespaceHandler}
2016-10-11 16:21:26 DEBUG XmlBeanDefinitionReader:223 - Loaded 7 bean definitions from location pattern [classpath:soapClient.xml]
2016-10-11 16:21:26 INFO  GenericApplicationContext:515 - Refreshing org.springframework.context.support.GenericApplicationContext@57fffcd7: startup date [Tue Oct 11 16:21:26 CDT 2016]; root of context hierarchy
2016-10-11 16:21:26 DEBUG GenericApplicationContext:545 - Bean factory for org.springframework.context.support.GenericApplicationContext@57fffcd7: org.springframework.beans.factory.support.DefaultListableBeanFactory@7fad8c79: defining beans [org.springframework.context.annotation.internalConfigurationAnnotationProcessor,org.springframework.context.annotation.internalAutowiredAnnotationProcessor,org.springframework.context.annotation.internalRequiredAnnotationProcessor,org.springframework.context.annotation.internalCommonAnnotationProcessor,org.springframework.context.support.PropertySourcesPlaceholderConfigurer#0,accountWsTemplate,marshaller]; root of factory hierarchy
2016-10-11 16:21:26 DEBUG DefaultListableBeanFactory:221 - Creating shared instance of singleton bean 'org.springframework.context.annotation.internalConfigurationAnnotationProcessor'
2016-10-11 16:21:26 DEBUG DefaultListableBeanFactory:449 - Creating instance of bean 'org.springframework.context.annotation.internalConfigurationAnnotationProcessor'
2016-10-11 16:21:26 DEBUG DefaultListableBeanFactory:523 - Eagerly caching bean 'org.springframework.context.annotation.internalConfigurationAnnotationProcessor' to allow for resolving potential circular references
2016-10-11 16:21:26 DEBUG DefaultListableBeanFactory:477 - Finished creating instance of bean 'org.springframework.context.annotation.internalConfigurationAnnotationProcessor'
2016-10-11 16:21:26 DEBUG DefaultListableBeanFactory:221 - Creating shared instance of singleton bean 'org.springframework.context.support.PropertySourcesPlaceholderConfigurer#0'
2016-10-11 16:21:26 DEBUG DefaultListableBeanFactory:449 - Creating instance of bean 'org.springframework.context.support.PropertySourcesPlaceholderConfigurer#0'
2016-10-11 16:21:26 DEBUG DefaultListableBeanFactory:523 - Eagerly caching bean 'org.springframework.context.support.PropertySourcesPlaceholderConfigurer#0' to allow for resolving potential circular references
2016-10-11 16:21:26 TRACE SpringFactoriesLoader:76 - Loaded [org.springframework.beans.BeanInfoFactory] names: [org.springframework.beans.ExtendedBeanInfoFactory]
2016-10-11 16:21:26 TRACE CachedIntrospectionResults:270 - Getting BeanInfo for class [org.springframework.context.support.PropertySourcesPlaceholderConfigurer]
2016-10-11 16:21:26 TRACE CachedIntrospectionResults:289 - Caching PropertyDescriptors for class [org.springframework.context.support.PropertySourcesPlaceholderConfigurer]
2016-10-11 16:21:26 TRACE CachedIntrospectionResults:302 - Found bean property 'appliedPropertySources' of type [org.springframework.core.env.PropertySources]
2016-10-11 16:21:26 TRACE CachedIntrospectionResults:302 - Found bean property 'beanFactory' of type [org.springframework.beans.factory.BeanFactory]
2016-10-11 16:21:26 TRACE CachedIntrospectionResults:302 - Found bean property 'beanName' of type [java.lang.String]
2016-10-11 16:21:26 TRACE CachedIntrospectionResults:302 - Found bean property 'class' of type [java.lang.Class]
2016-10-11 16:21:26 TRACE CachedIntrospectionResults:302 - Found bean property 'environment' of type [org.springframework.core.env.Environment]
2016-10-11 16:21:26 TRACE CachedIntrospectionResults:302 - Found bean property 'fileEncoding' of type [java.lang.String]
2016-10-11 16:21:26 TRACE CachedIntrospectionResults:302 - Found bean property 'ignoreResourceNotFound' of type [boolean]
2016-10-11 16:21:26 TRACE CachedIntrospectionResults:302 - Found bean property 'ignoreUnresolvablePlaceholders' of type [boolean]
2016-10-11 16:21:26 TRACE CachedIntrospectionResults:302 - Found bean property 'localOverride' of type [boolean]
2016-10-11 16:21:26 TRACE CachedIntrospectionResults:302 - Found bean property 'location' of type [org.springframework.core.io.Resource]
2016-10-11 16:21:26 TRACE CachedIntrospectionResults:302 - Found bean property 'locations' of type [[Lorg.springframework.core.io.Resource;]
2016-10-11 16:21:26 TRACE CachedIntrospectionResults:302 - Found bean property 'nullValue' of type [java.lang.String]
2016-10-11 16:21:26 TRACE CachedIntrospectionResults:302 - Found bean property 'order' of type [int]
2016-10-11 16:21:26 TRACE CachedIntrospectionResults:302 - Found bean property 'placeholderPrefix' of type [java.lang.String]
2016-10-11 16:21:26 TRACE CachedIntrospectionResults:302 - Found bean property 'placeholderSuffix' of type [java.lang.String]
2016-10-11 16:21:26 TRACE CachedIntrospectionResults:302 - Found bean property 'properties' of type [java.util.Properties]
2016-10-11 16:21:26 TRACE CachedIntrospectionResults:302 - Found bean property 'propertiesArray' of type [[Ljava.util.Properties;]
2016-10-11 16:21:26 TRACE CachedIntrospectionResults:302 - Found bean property 'propertiesPersister' of type [org.springframework.util.PropertiesPersister]
2016-10-11 16:21:26 TRACE CachedIntrospectionResults:302 - Found bean property 'propertySources' of type [org.springframework.core.env.PropertySources]
2016-10-11 16:21:26 TRACE CachedIntrospectionResults:302 - Found bean property 'valueSeparator' of type [java.lang.String]
2016-10-11 16:21:26 DEBUG DefaultListableBeanFactory:477 - Finished creating instance of bean 'org.springframework.context.support.PropertySourcesPlaceholderConfigurer#0'
2016-10-11 16:21:26 DEBUG MutablePropertySources:109 - Adding [environmentProperties] PropertySource with lowest search precedence
2016-10-11 16:21:26 INFO  PropertySourcesPlaceholderConfigurer:172 - Loading properties file from class path resource [service.properties]
2016-10-11 16:21:26 DEBUG MutablePropertySources:109 - Adding [localProperties] PropertySource with lowest search precedence
2016-10-11 16:21:26 TRACE PropertySourcesPropertyResolver:76 - getProperty("accountservice.soap.url", String)
2016-10-11 16:21:26 DEBUG PropertySourcesPropertyResolver:81 - Searching for key 'accountservice.soap.url' in [environmentProperties]
2016-10-11 16:21:26 TRACE PropertySourcesPropertyResolver:76 - getProperty("accountservice.soap.url", String)
2016-10-11 16:21:26 DEBUG PropertySourcesPropertyResolver:81 - Searching for key 'accountservice.soap.url' in [systemProperties]
2016-10-11 16:21:26 DEBUG PropertySourcesPropertyResolver:81 - Searching for key 'accountservice.soap.url' in [systemEnvironment]
2016-10-11 16:21:26 TRACE SystemEnvironmentPropertySource:78 - PropertySource [systemEnvironment] does not contain 'accountservice.soap.url'
2016-10-11 16:21:26 TRACE SystemEnvironmentPropertySource:78 - PropertySource [systemEnvironment] does not contain 'accountservice_soap_url'
2016-10-11 16:21:26 TRACE SystemEnvironmentPropertySource:78 - PropertySource [systemEnvironment] does not contain 'ACCOUNTSERVICE.SOAP.URL'
2016-10-11 16:21:26 TRACE SystemEnvironmentPropertySource:78 - PropertySource [systemEnvironment] does not contain 'ACCOUNTSERVICE_SOAP_URL'
2016-10-11 16:21:26 DEBUG PropertySourcesPropertyResolver:103 - Could not find key 'accountservice.soap.url' in any property source. Returning [null]
2016-10-11 16:21:26 DEBUG PropertySourcesPropertyResolver:81 - Searching for key 'accountservice.soap.url' in [localProperties]
2016-10-11 16:21:26 DEBUG PropertySourcesPropertyResolver:90 - Found key 'accountservice.soap.url' in [localProperties] with type [String] and value 'http://localhost:8080/springSoapWs/accountService'
2016-10-11 16:21:26 TRACE PropertyPlaceholderHelper:165 - Resolved placeholder 'accountservice.soap.url'
2016-10-11 16:21:26 DEBUG DefaultListableBeanFactory:221 - Creating shared instance of singleton bean 'org.springframework.context.annotation.internalAutowiredAnnotationProcessor'
2016-10-11 16:21:26 DEBUG DefaultListableBeanFactory:449 - Creating instance of bean 'org.springframework.context.annotation.internalAutowiredAnnotationProcessor'
2016-10-11 16:21:26 DEBUG DefaultListableBeanFactory:523 - Eagerly caching bean 'org.springframework.context.annotation.internalAutowiredAnnotationProcessor' to allow for resolving potential circular references
2016-10-11 16:21:26 DEBUG DefaultListableBeanFactory:477 - Finished creating instance of bean 'org.springframework.context.annotation.internalAutowiredAnnotationProcessor'
2016-10-11 16:21:26 DEBUG DefaultListableBeanFactory:221 - Creating shared instance of singleton bean 'org.springframework.context.annotation.internalRequiredAnnotationProcessor'
2016-10-11 16:21:26 DEBUG DefaultListableBeanFactory:449 - Creating instance of bean 'org.springframework.context.annotation.internalRequiredAnnotationProcessor'
2016-10-11 16:21:26 DEBUG DefaultListableBeanFactory:523 - Eagerly caching bean 'org.springframework.context.annotation.internalRequiredAnnotationProcessor' to allow for resolving potential circular references
2016-10-11 16:21:26 DEBUG DefaultListableBeanFactory:477 - Finished creating instance of bean 'org.springframework.context.annotation.internalRequiredAnnotationProcessor'
2016-10-11 16:21:26 DEBUG DefaultListableBeanFactory:221 - Creating shared instance of singleton bean 'org.springframework.context.annotation.internalCommonAnnotationProcessor'
2016-10-11 16:21:26 DEBUG DefaultListableBeanFactory:449 - Creating instance of bean 'org.springframework.context.annotation.internalCommonAnnotationProcessor'
2016-10-11 16:21:26 DEBUG DefaultListableBeanFactory:523 - Eagerly caching bean 'org.springframework.context.annotation.internalCommonAnnotationProcessor' to allow for resolving potential circular references
2016-10-11 16:21:26 DEBUG DefaultListableBeanFactory:477 - Finished creating instance of bean 'org.springframework.context.annotation.internalCommonAnnotationProcessor'
2016-10-11 16:21:26 DEBUG DefaultListableBeanFactory:221 - Creating shared instance of singleton bean 'org.springframework.context.annotation.ConfigurationClassPostProcessor.importAwareProcessor'
2016-10-11 16:21:26 DEBUG DefaultListableBeanFactory:449 - Creating instance of bean 'org.springframework.context.annotation.ConfigurationClassPostProcessor.importAwareProcessor'
2016-10-11 16:21:26 DEBUG DefaultListableBeanFactory:523 - Eagerly caching bean 'org.springframework.context.annotation.ConfigurationClassPostProcessor.importAwareProcessor' to allow for resolving potential circular references
2016-10-11 16:21:26 DEBUG DefaultListableBeanFactory:477 - Finished creating instance of bean 'org.springframework.context.annotation.ConfigurationClassPostProcessor.importAwareProcessor'
2016-10-11 16:21:26 DEBUG DefaultListableBeanFactory:221 - Creating shared instance of singleton bean 'org.springframework.context.annotation.ConfigurationClassPostProcessor.enhancedConfigurationProcessor'
2016-10-11 16:21:26 DEBUG DefaultListableBeanFactory:449 - Creating instance of bean 'org.springframework.context.annotation.ConfigurationClassPostProcessor.enhancedConfigurationProcessor'
2016-10-11 16:21:26 DEBUG DefaultListableBeanFactory:523 - Eagerly caching bean 'org.springframework.context.annotation.ConfigurationClassPostProcessor.enhancedConfigurationProcessor' to allow for resolving potential circular references
2016-10-11 16:21:26 DEBUG DefaultListableBeanFactory:477 - Finished creating instance of bean 'org.springframework.context.annotation.ConfigurationClassPostProcessor.enhancedConfigurationProcessor'
2016-10-11 16:21:26 DEBUG GenericApplicationContext:651 - Unable to locate MessageSource with name 'messageSource': using default [org.springframework.context.support.DelegatingMessageSource@4278a03f]
2016-10-11 16:21:26 DEBUG GenericApplicationContext:675 - Unable to locate ApplicationEventMulticaster with name 'applicationEventMulticaster': using default [org.springframework.context.event.SimpleApplicationEventMulticaster@47542153]
2016-10-11 16:21:26 DEBUG DefaultListableBeanFactory:672 - Pre-instantiating singletons in org.springframework.beans.factory.support.DefaultListableBeanFactory@7fad8c79: defining beans [org.springframework.context.annotation.internalConfigurationAnnotationProcessor,org.springframework.context.annotation.internalAutowiredAnnotationProcessor,org.springframework.context.annotation.internalRequiredAnnotationProcessor,org.springframework.context.annotation.internalCommonAnnotationProcessor,org.springframework.context.support.PropertySourcesPlaceholderConfigurer#0,accountWsTemplate,marshaller,org.springframework.context.annotation.ConfigurationClassPostProcessor.importAwareProcessor,org.springframework.context.annotation.ConfigurationClassPostProcessor.enhancedConfigurationProcessor]; root of factory hierarchy
2016-10-11 16:21:26 DEBUG DefaultListableBeanFactory:247 - Returning cached instance of singleton bean 'org.springframework.context.annotation.internalConfigurationAnnotationProcessor'
2016-10-11 16:21:26 DEBUG DefaultListableBeanFactory:247 - Returning cached instance of singleton bean 'org.springframework.context.annotation.internalAutowiredAnnotationProcessor'
2016-10-11 16:21:26 DEBUG DefaultListableBeanFactory:247 - Returning cached instance of singleton bean 'org.springframework.context.annotation.internalRequiredAnnotationProcessor'
2016-10-11 16:21:26 DEBUG DefaultListableBeanFactory:247 - Returning cached instance of singleton bean 'org.springframework.context.annotation.internalCommonAnnotationProcessor'
2016-10-11 16:21:26 DEBUG DefaultListableBeanFactory:247 - Returning cached instance of singleton bean 'org.springframework.context.support.PropertySourcesPlaceholderConfigurer#0'
2016-10-11 16:21:26 DEBUG DefaultListableBeanFactory:221 - Creating shared instance of singleton bean 'accountWsTemplate'
2016-10-11 16:21:26 DEBUG DefaultListableBeanFactory:449 - Creating instance of bean 'accountWsTemplate'
2016-10-11 16:21:26 INFO  SaajSoapMessageFactory:139 - Creating SAAJ 1.3 MessageFactory with SOAP 1.1 Protocol
2016-10-11 16:21:26 DEBUG SaajSoapMessageFactory:167 - Using MessageFactory class [com.sun.xml.messaging.saaj.soap.ver1_1.SOAPMessageFactory1_1Impl]
2016-10-11 16:21:26 DEBUG DefaultListableBeanFactory:523 - Eagerly caching bean 'accountWsTemplate' to allow for resolving potential circular references
2016-10-11 16:21:26 TRACE CachedIntrospectionResults:270 - Getting BeanInfo for class [org.springframework.ws.client.core.WebServiceTemplate]
2016-10-11 16:21:26 TRACE CachedIntrospectionResults:289 - Caching PropertyDescriptors for class [org.springframework.ws.client.core.WebServiceTemplate]
2016-10-11 16:21:26 TRACE CachedIntrospectionResults:302 - Found bean property 'checkConnectionForError' of type [boolean]
2016-10-11 16:21:26 TRACE CachedIntrospectionResults:302 - Found bean property 'checkConnectionForFault' of type [boolean]
2016-10-11 16:21:26 TRACE CachedIntrospectionResults:302 - Found bean property 'class' of type [java.lang.Class]
2016-10-11 16:21:26 TRACE CachedIntrospectionResults:302 - Found bean property 'defaultUri' of type [java.lang.String]
2016-10-11 16:21:26 TRACE CachedIntrospectionResults:302 - Found bean property 'destinationProvider' of type [org.springframework.ws.client.support.destination.DestinationProvider]
2016-10-11 16:21:26 TRACE CachedIntrospectionResults:302 - Found bean property 'faultMessageResolver' of type [org.springframework.ws.client.core.FaultMessageResolver]
2016-10-11 16:21:26 TRACE CachedIntrospectionResults:302 - Found bean property 'interceptors' of type [[Lorg.springframework.ws.client.support.interceptor.ClientInterceptor;]
2016-10-11 16:21:26 TRACE CachedIntrospectionResults:302 - Found bean property 'marshaller' of type [org.springframework.oxm.Marshaller]
2016-10-11 16:21:26 TRACE CachedIntrospectionResults:302 - Found bean property 'messageFactory' of type [org.springframework.ws.WebServiceMessageFactory]
2016-10-11 16:21:26 TRACE CachedIntrospectionResults:302 - Found bean property 'messageSender' of type [org.springframework.ws.transport.WebServiceMessageSender]
2016-10-11 16:21:26 TRACE CachedIntrospectionResults:302 - Found bean property 'messageSenders' of type [[Lorg.springframework.ws.transport.WebServiceMessageSender;]
2016-10-11 16:21:26 TRACE CachedIntrospectionResults:302 - Found bean property 'transformerFactoryClass' of type [java.lang.Class]
2016-10-11 16:21:26 TRACE CachedIntrospectionResults:302 - Found bean property 'unmarshaller' of type [org.springframework.oxm.Unmarshaller]
2016-10-11 16:21:26 DEBUG DefaultListableBeanFactory:221 - Creating shared instance of singleton bean 'marshaller'
2016-10-11 16:21:26 DEBUG DefaultListableBeanFactory:449 - Creating instance of bean 'marshaller'
2016-10-11 16:21:26 DEBUG DefaultListableBeanFactory:523 - Eagerly caching bean 'marshaller' to allow for resolving potential circular references
2016-10-11 16:21:26 TRACE CachedIntrospectionResults:270 - Getting BeanInfo for class [org.springframework.oxm.jaxb.Jaxb2Marshaller]
2016-10-11 16:21:26 TRACE CachedIntrospectionResults:289 - Caching PropertyDescriptors for class [org.springframework.oxm.jaxb.Jaxb2Marshaller]
2016-10-11 16:21:26 TRACE CachedIntrospectionResults:302 - Found bean property 'adapters' of type [[Ljavax.xml.bind.annotation.adapters.XmlAdapter;]
2016-10-11 16:21:26 TRACE CachedIntrospectionResults:302 - Found bean property 'beanClassLoader' of type [java.lang.ClassLoader]
2016-10-11 16:21:26 TRACE CachedIntrospectionResults:302 - Found bean property 'checkForXmlRootElement' of type [boolean]
2016-10-11 16:21:26 TRACE CachedIntrospectionResults:302 - Found bean property 'class' of type [java.lang.Class]
2016-10-11 16:21:26 TRACE CachedIntrospectionResults:302 - Found bean property 'classesToBeBound' of type [[Ljava.lang.Class;]
2016-10-11 16:21:26 TRACE CachedIntrospectionResults:302 - Found bean property 'contextPath' of type [java.lang.String]
2016-10-11 16:21:26 TRACE CachedIntrospectionResults:302 - Found bean property 'contextPaths' of type [[Ljava.lang.String;]
2016-10-11 16:21:26 TRACE CachedIntrospectionResults:302 - Found bean property 'jaxbContext' of type [javax.xml.bind.JAXBContext]
2016-10-11 16:21:26 TRACE CachedIntrospectionResults:302 - Found bean property 'jaxbContextProperties' of type [java.util.Map]
2016-10-11 16:21:26 TRACE CachedIntrospectionResults:302 - Found bean property 'lazyInit' of type [boolean]
2016-10-11 16:21:26 TRACE CachedIntrospectionResults:302 - Found bean property 'mappedClass' of type [java.lang.Class]
2016-10-11 16:21:26 TRACE CachedIntrospectionResults:302 - Found bean property 'marshallerListener' of type [javax.xml.bind.Marshaller$Listener]
2016-10-11 16:21:26 TRACE CachedIntrospectionResults:302 - Found bean property 'marshallerProperties' of type [java.util.Map]
2016-10-11 16:21:26 TRACE CachedIntrospectionResults:302 - Found bean property 'mtomEnabled' of type [boolean]
2016-10-11 16:21:26 TRACE CachedIntrospectionResults:302 - Found bean property 'packagesToScan' of type [[Ljava.lang.String;]
2016-10-11 16:21:26 TRACE CachedIntrospectionResults:302 - Found bean property 'processExternalEntities' of type [boolean]
2016-10-11 16:21:26 TRACE CachedIntrospectionResults:302 - Found bean property 'schema' of type [org.springframework.core.io.Resource]
2016-10-11 16:21:26 TRACE CachedIntrospectionResults:302 - Found bean property 'schemaLanguage' of type [java.lang.String]
2016-10-11 16:21:26 TRACE CachedIntrospectionResults:302 - Found bean property 'schemaResourceResolver' of type [org.w3c.dom.ls.LSResourceResolver]
2016-10-11 16:21:26 TRACE CachedIntrospectionResults:302 - Found bean property 'schemas' of type [[Lorg.springframework.core.io.Resource;]
2016-10-11 16:21:26 TRACE CachedIntrospectionResults:302 - Found bean property 'supportJaxbElementClass' of type [boolean]
2016-10-11 16:21:26 TRACE CachedIntrospectionResults:302 - Found bean property 'unmarshallerListener' of type [javax.xml.bind.Unmarshaller$Listener]
2016-10-11 16:21:26 TRACE CachedIntrospectionResults:302 - Found bean property 'unmarshallerProperties' of type [java.util.Map]
2016-10-11 16:21:26 TRACE CachedIntrospectionResults:302 - Found bean property 'validationEventHandler' of type [javax.xml.bind.ValidationEventHandler]
2016-10-11 16:21:26 DEBUG DefaultListableBeanFactory:1596 - Invoking afterPropertiesSet() on bean with name 'marshaller'
2016-10-11 16:21:26 INFO  Jaxb2Marshaller:472 - Creating JAXBContext with context path [com.parthi.spring.ws.soap.service]
2016-10-11 16:21:26 DEBUG DefaultListableBeanFactory:477 - Finished creating instance of bean 'marshaller'
2016-10-11 16:21:26 DEBUG DefaultListableBeanFactory:247 - Returning cached instance of singleton bean 'marshaller'
2016-10-11 16:21:26 DEBUG DefaultListableBeanFactory:449 - Creating instance of bean 'loggingInterceptor'
2016-10-11 16:21:26 TRACE CachedIntrospectionResults:270 - Getting BeanInfo for class [com.parthi.spring.ws.soap.service.interceptor.LoggingInterceptor]
2016-10-11 16:21:26 TRACE CachedIntrospectionResults:289 - Caching PropertyDescriptors for class [com.parthi.spring.ws.soap.service.interceptor.LoggingInterceptor]
2016-10-11 16:21:26 TRACE CachedIntrospectionResults:302 - Found bean property 'class' of type [java.lang.Class]
2016-10-11 16:21:26 DEBUG DefaultListableBeanFactory:477 - Finished creating instance of bean 'loggingInterceptor'
2016-10-11 16:21:26 DEBUG DefaultListableBeanFactory:1596 - Invoking afterPropertiesSet() on bean with name 'accountWsTemplate'
2016-10-11 16:21:26 DEBUG DefaultListableBeanFactory:477 - Finished creating instance of bean 'accountWsTemplate'
2016-10-11 16:21:26 DEBUG DefaultListableBeanFactory:247 - Returning cached instance of singleton bean 'marshaller'
2016-10-11 16:21:26 DEBUG DefaultListableBeanFactory:247 - Returning cached instance of singleton bean 'org.springframework.context.annotation.ConfigurationClassPostProcessor.importAwareProcessor'
2016-10-11 16:21:26 DEBUG DefaultListableBeanFactory:247 - Returning cached instance of singleton bean 'org.springframework.context.annotation.ConfigurationClassPostProcessor.enhancedConfigurationProcessor'
2016-10-11 16:21:26 DEBUG GenericApplicationContext:702 - Unable to locate LifecycleProcessor with name 'lifecycleProcessor': using default [org.springframework.context.support.DefaultLifecycleProcessor@76c3e77a]
2016-10-11 16:21:26 DEBUG DefaultListableBeanFactory:247 - Returning cached instance of singleton bean 'lifecycleProcessor'
2016-10-11 16:21:26 TRACE GenericApplicationContext:331 - Publishing event in org.springframework.context.support.GenericApplicationContext@57fffcd7: org.springframework.context.event.ContextRefreshedEvent[source=org.springframework.context.support.GenericApplicationContext@57fffcd7: startup date [Tue Oct 11 16:21:26 CDT 2016]; root of context hierarchy]
2016-10-11 16:21:26 TRACE PropertySourcesPropertyResolver:76 - getProperty("spring.liveBeansView.mbeanDomain", String)
2016-10-11 16:21:26 DEBUG PropertySourcesPropertyResolver:81 - Searching for key 'spring.liveBeansView.mbeanDomain' in [systemProperties]
2016-10-11 16:21:26 DEBUG PropertySourcesPropertyResolver:81 - Searching for key 'spring.liveBeansView.mbeanDomain' in [systemEnvironment]
2016-10-11 16:21:26 TRACE SystemEnvironmentPropertySource:78 - PropertySource [systemEnvironment] does not contain 'spring.liveBeansView.mbeanDomain'
2016-10-11 16:21:26 TRACE SystemEnvironmentPropertySource:78 - PropertySource [systemEnvironment] does not contain 'spring_liveBeansView_mbeanDomain'
2016-10-11 16:21:26 TRACE SystemEnvironmentPropertySource:78 - PropertySource [systemEnvironment] does not contain 'SPRING.LIVEBEANSVIEW.MBEANDOMAIN'
2016-10-11 16:21:26 TRACE SystemEnvironmentPropertySource:78 - PropertySource [systemEnvironment] does not contain 'SPRING_LIVEBEANSVIEW_MBEANDOMAIN'
2016-10-11 16:21:26 DEBUG PropertySourcesPropertyResolver:103 - Could not find key 'spring.liveBeansView.mbeanDomain' in any property source. Returning [null]
2016-10-11 16:21:26 DEBUG CacheAwareContextLoaderDelegate:97 - Storing ApplicationContext in cache under key [[MergedContextConfiguration@59fa1d9b testClass = AccountServiceTest, locations = '{classpath:soapClient.xml}', classes = '{}', contextInitializerClasses = '[]', activeProfiles = '{}', contextLoader = 'org.springframework.test.context.support.DelegatingSmartContextLoader', parent = [null]]]
2016-10-11 16:21:26 DEBUG cache:114 - Spring test ApplicationContext cache statistics: [ContextCache@505fc5a4 size = 1, hitCount = 0, missCount = 1, parentContextCount = 0]
2016-10-11 16:21:26 TRACE CachedIntrospectionResults:270 - Getting BeanInfo for class [com.parthi.spring.ws.soap.service.client.AccountServiceTest]
2016-10-11 16:21:26 TRACE CachedIntrospectionResults:289 - Caching PropertyDescriptors for class [com.parthi.spring.ws.soap.service.client.AccountServiceTest]
2016-10-11 16:21:26 TRACE CachedIntrospectionResults:302 - Found bean property 'class' of type [java.lang.Class]
2016-10-11 16:21:26 DEBUG InjectionMetadata:86 - Processing injected element of bean 'com.parthi.spring.ws.soap.service.client.AccountServiceTest': AutowiredFieldElement for private org.springframework.ws.client.core.WebServiceTemplate com.parthi.spring.ws.soap.service.client.AccountServiceTest.accountWsTemplate
2016-10-11 16:21:26 DEBUG DefaultListableBeanFactory:247 - Returning cached instance of singleton bean 'accountWsTemplate'
2016-10-11 16:21:26 DEBUG AutowiredAnnotationBeanPostProcessor:441 - Autowiring by type from bean name 'com.parthi.spring.ws.soap.service.client.AccountServiceTest' to bean named 'accountWsTemplate'
2016-10-11 16:21:26 TRACE TestContextManager:362 - beforeTestMethod(): instance [com.parthi.spring.ws.soap.service.client.AccountServiceTest@46d56d67], method [public void com.parthi.spring.ws.soap.service.client.AccountServiceTest.getDetails()]
2016-10-11 16:21:26 TRACE AccountServiceTest:33 - AccountServiceTest....
2016-10-11 16:21:26 DEBUG WebServiceTemplate:111 - Opening [org.springframework.ws.transport.http.HttpUrlConnection@25fb8912] to [http://localhost:8080/springSoapWs/accountService]
2016-10-11 16:21:26 TRACE LoggingInterceptor:33 - LoggingInterceptor.handleRequest.....
2016-10-11 16:21:26 TRACE sent:653 - Sent request [<SOAP-ENV:Envelope xmlns:SOAP-ENV="http://schemas.xmlsoap.org/soap/envelope/"><SOAP-ENV:Header/><SOAP-ENV:Body><ns2:detailRequest xmlns:ns2="http://service.soap.ws.spring.parthi.com/"><accountName>Kanishkha Parthiban</accountName></ns2:detailRequest></SOAP-ENV:Body></SOAP-ENV:Envelope>]
2016-10-11 16:21:26 TRACE received:710 - Received response [<SOAP-ENV:Envelope xmlns:SOAP-ENV="http://schemas.xmlsoap.org/soap/envelope/"><SOAP-ENV:Header/><SOAP-ENV:Body><SOAP-ENV:Fault><faultcode>SOAP-ENV:Server</faultcode><faultstring xml:lang="en">No adapter for endpoint [public com.parthi.spring.ws.soap.vo.AccountDetailResponse com.parthi.spring.ws.soap.service.AccountServiceImpl.getDetail(java.lang.String)]: Is your endpoint annotated with @Endpoint, or does it implement a supported interface like MessageHandler or PayloadEndpoint?</faultstring></SOAP-ENV:Fault></SOAP-ENV:Body></SOAP-ENV:Envelope>] for request [<SOAP-ENV:Envelope xmlns:SOAP-ENV="http://schemas.xmlsoap.org/soap/envelope/"><SOAP-ENV:Header/><SOAP-ENV:Body><ns2:detailRequest xmlns:ns2="http://service.soap.ws.spring.parthi.com/"><accountName>Kanishkha Parthiban</accountName></ns2:detailRequest></SOAP-ENV:Body></SOAP-ENV:Envelope>]
2016-10-11 16:21:26 DEBUG WebServiceTemplate:827 - Received Fault message for request [SaajSoapMessage {http://service.soap.ws.spring.parthi.com/}detailRequest]
2016-10-11 16:21:26 TRACE TestContextManager:406 - afterTestMethod(): instance [com.parthi.spring.ws.soap.service.client.AccountServiceTest@46d56d67], method [public void com.parthi.spring.ws.soap.service.client.AccountServiceTest.getDetails()], exception [org.springframework.ws.soap.client.SoapFaultClientException: No adapter for endpoint [public com.parthi.spring.ws.soap.vo.AccountDetailResponse com.parthi.spring.ws.soap.service.AccountServiceImpl.getDetail(java.lang.String)]: Is your endpoint annotated with @Endpoint, or does it implement a supported interface like MessageHandler or PayloadEndpoint?]
2016-10-11 16:21:26 DEBUG DirtiesContextTestExecutionListener:94 - After test method: context [DefaultTestContext@d8355a8 testClass = AccountServiceTest, testInstance = com.parthi.spring.ws.soap.service.client.AccountServiceTest@46d56d67, testMethod = getDetails@AccountServiceTest, testException = org.springframework.ws.soap.client.SoapFaultClientException: No adapter for endpoint [public com.parthi.spring.ws.soap.vo.AccountDetailResponse com.parthi.spring.ws.soap.service.AccountServiceImpl.getDetail(java.lang.String)]: Is your endpoint annotated with @Endpoint, or does it implement a supported interface like MessageHandler or PayloadEndpoint?, mergedContextConfiguration = [MergedContextConfiguration@59fa1d9b testClass = AccountServiceTest, locations = '{classpath:soapClient.xml}', classes = '{}', contextInitializerClasses = '[]', activeProfiles = '{}', contextLoader = 'org.springframework.test.context.support.DelegatingSmartContextLoader', parent = [null]]], class dirties context [false], class mode [null], method dirties context [false].
2016-10-11 16:21:26 DEBUG ProfileValueUtils:70 - Retrieved @ProfileValueSourceConfiguration [null] for test class [com.parthi.spring.ws.soap.service.client.AccountServiceTest]
2016-10-11 16:21:26 DEBUG ProfileValueUtils:82 - Retrieved ProfileValueSource type [class org.springframework.test.annotation.SystemProfileValueSource] for class [com.parthi.spring.ws.soap.service.client.AccountServiceTest]
2016-10-11 16:21:26 TRACE TestContextManager:325 - prepareTestInstance(): instance [com.parthi.spring.ws.soap.service.client.AccountServiceTest@673fdbce]
2016-10-11 16:21:26 DEBUG DependencyInjectionTestExecutionListener:73 - Performing dependency injection for test context [[DefaultTestContext@d8355a8 testClass = AccountServiceTest, testInstance = com.parthi.spring.ws.soap.service.client.AccountServiceTest@673fdbce, testMethod = [null], testException = [null], mergedContextConfiguration = [MergedContextConfiguration@59fa1d9b testClass = AccountServiceTest, locations = '{classpath:soapClient.xml}', classes = '{}', contextInitializerClasses = '[]', activeProfiles = '{}', contextLoader = 'org.springframework.test.context.support.DelegatingSmartContextLoader', parent = [null]]]].
2016-10-11 16:21:26 DEBUG CacheAwareContextLoaderDelegate:108 - Retrieved ApplicationContext from cache with key [[MergedContextConfiguration@59fa1d9b testClass = AccountServiceTest, locations = '{classpath:soapClient.xml}', classes = '{}', contextInitializerClasses = '[]', activeProfiles = '{}', contextLoader = 'org.springframework.test.context.support.DelegatingSmartContextLoader', parent = [null]]]
2016-10-11 16:21:26 DEBUG cache:114 - Spring test ApplicationContext cache statistics: [ContextCache@505fc5a4 size = 1, hitCount = 1, missCount = 1, parentContextCount = 0]
2016-10-11 16:21:26 DEBUG InjectionMetadata:86 - Processing injected element of bean 'com.parthi.spring.ws.soap.service.client.AccountServiceTest': AutowiredFieldElement for private org.springframework.ws.client.core.WebServiceTemplate com.parthi.spring.ws.soap.service.client.AccountServiceTest.accountWsTemplate
2016-10-11 16:21:26 DEBUG DefaultListableBeanFactory:247 - Returning cached instance of singleton bean 'accountWsTemplate'
2016-10-11 16:21:26 TRACE TestContextManager:362 - beforeTestMethod(): instance [com.parthi.spring.ws.soap.service.client.AccountServiceTest@673fdbce], method [public void com.parthi.spring.ws.soap.service.client.AccountServiceTest.getAccountDetails()]
2016-10-11 16:21:26 TRACE AccountServiceTest:24 - AccountServiceTest....
2016-10-11 16:21:26 DEBUG WebServiceTemplate:111 - Opening [org.springframework.ws.transport.http.HttpUrlConnection@5965d37] to [http://localhost:8080/springSoapWs/accountService]
2016-10-11 16:21:26 TRACE LoggingInterceptor:33 - LoggingInterceptor.handleRequest.....
2016-10-11 16:21:26 TRACE sent:653 - Sent request [<SOAP-ENV:Envelope xmlns:SOAP-ENV="http://schemas.xmlsoap.org/soap/envelope/"><SOAP-ENV:Header/><SOAP-ENV:Body><ns2:accountDetailRequest xmlns:ns2="http://service.soap.ws.spring.parthi.com/"><ns2:accountName>parthibanSamykutti</ns2:accountName></ns2:accountDetailRequest></SOAP-ENV:Body></SOAP-ENV:Envelope>]
2016-10-11 16:21:26 TRACE received:710 - Received response [<SOAP-ENV:Envelope xmlns:SOAP-ENV="http://schemas.xmlsoap.org/soap/envelope/"><SOAP-ENV:Header/><SOAP-ENV:Body><ns2:accountDetailResponse xmlns:ns2="http://service.soap.ws.spring.parthi.com/"><ns2:accountDetail><ns2:accountNumbers>1321234</ns2:accountNumbers><ns2:accountNumbers>4565676</ns2:accountNumbers><ns2:accountNumbers>1323423</ns2:accountNumbers><ns2:accountNumbers>1334567</ns2:accountNumbers><ns2:accountName>parthibanSamykutti</ns2:accountName></ns2:accountDetail></ns2:accountDetailResponse></SOAP-ENV:Body></SOAP-ENV:Envelope>] for request [<SOAP-ENV:Envelope xmlns:SOAP-ENV="http://schemas.xmlsoap.org/soap/envelope/"><SOAP-ENV:Header/><SOAP-ENV:Body><ns2:accountDetailRequest xmlns:ns2="http://service.soap.ws.spring.parthi.com/"><ns2:accountName>parthibanSamykutti</ns2:accountName></ns2:accountDetailRequest></SOAP-ENV:Body></SOAP-ENV:Envelope>]
2016-10-11 16:21:26 TRACE LoggingInterceptor:55 - LoggingInterceptor.handleResponse.....
2016-10-11 16:21:26 TRACE AccountServiceTest:29 - accountHolderResponse: com.parthi.spring.ws.soap.service.AccountDetailResponse@68c9d179
2016-10-11 16:21:26 TRACE TestContextManager:406 - afterTestMethod(): instance [com.parthi.spring.ws.soap.service.client.AccountServiceTest@673fdbce], method [public void com.parthi.spring.ws.soap.service.client.AccountServiceTest.getAccountDetails()], exception [null]
2016-10-11 16:21:26 DEBUG DirtiesContextTestExecutionListener:94 - After test method: context [DefaultTestContext@d8355a8 testClass = AccountServiceTest, testInstance = com.parthi.spring.ws.soap.service.client.AccountServiceTest@673fdbce, testMethod = getAccountDetails@AccountServiceTest, testException = [null], mergedContextConfiguration = [MergedContextConfiguration@59fa1d9b testClass = AccountServiceTest, locations = '{classpath:soapClient.xml}', classes = '{}', contextInitializerClasses = '[]', activeProfiles = '{}', contextLoader = 'org.springframework.test.context.support.DelegatingSmartContextLoader', parent = [null]]], class dirties context [false], class mode [null], method dirties context [false].
2016-10-11 16:21:26 TRACE TestContextManager:449 - afterTestClass(): class [com.parthi.spring.ws.soap.service.client.AccountServiceTest]
2016-10-11 16:21:26 DEBUG DirtiesContextTestExecutionListener:126 - After test class: context [DefaultTestContext@d8355a8 testClass = AccountServiceTest, testInstance = [null], testMethod = [null], testException = [null], mergedContextConfiguration = [MergedContextConfiguration@59fa1d9b testClass = AccountServiceTest, locations = '{classpath:soapClient.xml}', classes = '{}', contextInitializerClasses = '[]', activeProfiles = '{}', contextLoader = 'org.springframework.test.context.support.DelegatingSmartContextLoader', parent = [null]]], dirtiesContext [false].
2016-10-11 16:21:26 INFO  GenericApplicationContext:875 - Closing org.springframework.context.support.GenericApplicationContext@57fffcd7: startup date [Tue Oct 11 16:21:26 CDT 2016]; root of context hierarchy
2016-10-11 16:21:26 TRACE GenericApplicationContext:331 - Publishing event in org.springframework.context.support.GenericApplicationContext@57fffcd7: org.springframework.context.event.ContextClosedEvent[source=org.springframework.context.support.GenericApplicationContext@57fffcd7: startup date [Tue Oct 11 16:21:26 CDT 2016]; root of context hierarchy]
2016-10-11 16:21:26 DEBUG DefaultListableBeanFactory:247 - Returning cached instance of singleton bean 'lifecycleProcessor'
2016-10-11 16:21:26 DEBUG DefaultListableBeanFactory:486 - Destroying singletons in org.springframework.beans.factory.support.DefaultListableBeanFactory@7fad8c79: defining beans [org.springframework.context.annotation.internalConfigurationAnnotationProcessor,org.springframework.context.annotation.internalAutowiredAnnotationProcessor,org.springframework.context.annotation.internalRequiredAnnotationProcessor,org.springframework.context.annotation.internalCommonAnnotationProcessor,org.springframework.context.support.PropertySourcesPlaceholderConfigurer#0,accountWsTemplate,marshaller,org.springframework.context.annotation.ConfigurationClassPostProcessor.importAwareProcessor,org.springframework.context.annotation.ConfigurationClassPostProcessor.enhancedConfigurationProcessor]; root of factory hierarchy
2016-10-11 16:21:26 DEBUG DefaultListableBeanFactory:542 - Retrieved dependent beans for bean 'accountWsTemplate': [com.parthi.spring.ws.soap.service.client.AccountServiceTest]
2016-10-11 16:21:26 DEBUG DefaultListableBeanFactory:542 - Retrieved dependent beans for bean 'loggingInterceptor': [accountWsTemplate]
